Warnings, critical warnings and errors from synthesis and implementation

Created: 2024-05-23 14:58:07

----SYNTHESIS----
WARNING: [Synth 8-7129] Port sw in module top_uart_basys3 is either unconnected or has no load
WARNING: [Vivado 12-584] No ports matched 'JA1'. [fpga/constraints/basys3.xdc:126]
CRITICAL WARNING: [Common 17-55] 'set_property' expects at least one object. [fpga/constraints/basys3.xdc:126]
WARNING: [Vivado 12-584] No ports matched 'JA1'. [fpga/constraints/basys3.xdc:127]
CRITICAL WARNING: [Common 17-55] 'set_property' expects at least one object. [fpga/constraints/basys3.xdc:127]
WARNING: [Vivado 12-584] No ports matched 'JA2'. [fpga/constraints/basys3.xdc:129]
CRITICAL WARNING: [Common 17-55] 'set_property' expects at least one object. [fpga/constraints/basys3.xdc:129]
WARNING: [Vivado 12-584] No ports matched 'JA2'. [fpga/constraints/basys3.xdc:130]
CRITICAL WARNING: [Common 17-55] 'set_property' expects at least one object. [fpga/constraints/basys3.xdc:130]
WARNING: [Synth 8-7080] Parallel synthesis criteria is not met
WARNING: [Synth 8-7129] Port sw in module top_uart_basys3 is either unconnected or has no load
INFO: [runtcl-6] Synthesis results are not added to the cache due to CRITICAL_WARNING

----IMPLEMENTATION----
WARNING: [Vivado 12-584] No ports matched 'JA1'. [fpga/constraints/basys3.xdc:126]
CRITICAL WARNING: [Common 17-55] 'set_property' expects at least one object. [fpga/constraints/basys3.xdc:126]
WARNING: [Vivado 12-584] No ports matched 'JA1'. [fpga/constraints/basys3.xdc:127]
CRITICAL WARNING: [Common 17-55] 'set_property' expects at least one object. [fpga/constraints/basys3.xdc:127]
WARNING: [Vivado 12-584] No ports matched 'JA2'. [fpga/constraints/basys3.xdc:129]
CRITICAL WARNING: [Common 17-55] 'set_property' expects at least one object. [fpga/constraints/basys3.xdc:129]
WARNING: [Vivado 12-584] No ports matched 'JA2'. [fpga/constraints/basys3.xdc:130]
CRITICAL WARNING: [Common 17-55] 'set_property' expects at least one object. [fpga/constraints/basys3.xdc:130]
